{
  "Cucumber Features": {
    "coverage": {
      "/Users/akravitz/code/coingivr/app/models/user.rb": [
        1,
        1,
        null,
        1,
        null
      ],
      "/Users/akravitz/code/coingivr/app/models/give_page.rb": [
        1,
        1,
        null
      ],
      "/Users/akravitz/code/coingivr/app/controllers/homepage_controller.rb": [
        1,
        1,
        15,
        15,
        null,
        null,
        1,
        1,
        null,
        1,
        1,
        1,
        null,
        0,
        null,
        null,
        null,
        null,
        null,
        null,
        null,
        1,
        1,
        1,
        null
      ],
      "/Users/akravitz/code/coingivr/app/helpers/application_helper.rb": [
        1,
        1,
        15,
        8,
        null,
        7,
        null,
        null,
        null
      ],
      "/Users/akravitz/code/coingivr/app/helpers/sessions_helper.rb": [
        1,
        null
      ],
      "/Users/akravitz/code/coingivr/app/controllers/sessions_controller.rb": [
        1,
        1,
        null,
        null,
        1,
        5,
        5,
        5,
        5,
        5,
        null,
        0,
        0,
        0,
        null,
        null,
        null
      ],
      "/Users/akravitz/code/coingivr/app/controllers/application_controller.rb": [
        1,
        null,
        null,
        1,
        null,
        null,
        1,
        1,
        0,
        0,
        0,
        null,
        0,
        0,
        null,
        null,
        null,
        null,
        null
      ],
      "/Users/akravitz/code/coingivr/app/controllers/give_page_controller.rb": [
        1,
        1,
        null,
        null,
        1,
        4,
        4,
        3,
        1,
        0,
        null,
        null,
        null,
        1,
        null,
        null,
        1,
        null,
        null,
        1,
        3,
        3,
        0,
        null,
        null,
        null,
        1,
        1,
        null,
        1,
        0,
        null,
        null,
        1,
        1,
        null,
        0,
        null,
        null,
        0,
        null,
        null,
        1,
        null,
        null,
        1,
        1,
        1,
        null,
        null
      ]
    },
    "timestamp": 1403251002
  },
  "RSpec": {
    "coverage": {
    },
    "timestamp": 1403249436
  }
}
